<?xml version="1.0" encoding="UTF-8"?>
<!-- Generated by org.testng.reporters.JUnitReportReporter -->
<testsuite skipped="0" hostname="DESKTOP-BLES2S6" name="selfimprovement.mavencourse.SeleniumTest" tests="2" failures="0" timestamp="2020-07-27T15:41:23 BST" time="0.009" errors="0">
  <testcase name="geturl" time="0.001" classname="selfimprovement.mavencourse.SeleniumTest"/>
  <system-out/>
  <testcase name="click" time="0.008" classname="selfimprovement.mavencourse.SeleniumTest"/>
  <system-out/>
</testsuite> <!-- selfimprovement.mavencourse.SeleniumTest -->
