<?xml version="1.0" encoding="UTF-8"?>
<!-- Generated by org.testng.reporters.JUnitReportReporter -->
<testsuite skipped="0" hostname="DESKTOP-BLES2S6" name="selfimprovement.mavencourse.AppiumTest" tests="2" failures="0" timestamp="2020-07-27T15:41:23 BST" time="0.002" errors="0">
  <testcase name="maximise" time="0.001" classname="selfimprovement.mavencourse.AppiumTest"/>
  <system-out/>
  <testcase name="tap" time="0.001" classname="selfimprovement.mavencourse.AppiumTest"/>
  <system-out/>
</testsuite> <!-- selfimprovement.mavencourse.AppiumTest -->
