<?xml version="1.0" encoding="UTF-8"?>
<!-- Generated by org.testng.reporters.JUnitReportReporter -->
<testsuite skipped="0" hostname="DESKTOP-BLES2S6" name="selfimprovement.mavencourse.SeleniumTest" tests="2" failures="0" timestamp="2020-07-27T15:49:08 BST" time="0.004" errors="0">
  <testcase name="click" time="0.003" classname="selfimprovement.mavencourse.SeleniumTest"/>
  <system-out/>
  <testcase name="geturl" time="0.001" classname="selfimprovement.mavencourse.SeleniumTest"/>
  <system-out/>
</testsuite> <!-- selfimprovement.mavencourse.SeleniumTest -->
